<?xml version="1.0" encoding="UTF-8"?>
<testng-results total="1" passed="1" failed="0" skipped="0">
  <reporter-output>
  </reporter-output>
  <suite started-at="2023-05-24T21:18:29Z" name="test.com.LoginTest" finished-at="2023-05-24T21:18:39Z" duration-ms="9511">
    <groups>
    </groups>
    <test started-at="2023-05-24T21:18:29Z" name="Command line test" finished-at="2023-05-24T21:18:39Z" duration-ms="9511">
      <class name="test.com.LoginTest">
        <test-method is-config="true" signature="setUpClass()[pri:0, instance:test.com.LoginTest@7331196b]" started-at="2023-05-24T17:18:29Z" name="setUpClass" finished-at="2023-05-24T17:18:29Z" duration-ms="6" status="PASS">
          <reporter-output>
          </reporter-output>
        </test-method> <!-- setUpClass -->
        <test-method is-config="true" signature="setUpMethod()[pri:0, instance:test.com.LoginTest@7331196b]" started-at="2023-05-24T17:18:29Z" name="setUpMethod" finished-at="2023-05-24T17:18:29Z" duration-ms="1" status="PASS">
          <reporter-output>
          </reporter-output>
        </test-method> <!-- setUpMethod -->
        <test-method signature="testUsernameTestCase()[pri:0, instance:test.com.LoginTest@7331196b]" started-at="2023-05-24T17:18:29Z" name="testUsernameTestCase" finished-at="2023-05-24T17:18:39Z" duration-ms="9370" status="PASS">
          <reporter-output>
          </reporter-output>
        </test-method> <!-- testUsernameTestCase -->
        <test-method is-config="true" signature="tearDownMethod()[pri:0, instance:test.com.LoginTest@7331196b]" started-at="2023-05-24T17:18:39Z" name="tearDownMethod" finished-at="2023-05-24T17:18:39Z" duration-ms="129" status="PASS">
          <reporter-output>
          </reporter-output>
        </test-method> <!-- tearDownMethod -->
        <test-method is-config="true" signature="tearDownClass()[pri:0, instance:test.com.LoginTest@7331196b]" started-at="2023-05-24T17:18:39Z" name="tearDownClass" finished-at="2023-05-24T17:18:39Z" duration-ms="0" status="PASS">
          <reporter-output>
          </reporter-output>
        </test-method> <!-- tearDownClass -->
      </class> <!-- test.com.LoginTest -->
    </test> <!-- Command line test -->
  </suite> <!-- test.com.LoginTest -->
</testng-results>
